<?xml version="1.0" encoding="UTF-8"?>
<!-- Generated by org.testng.reporters.JUnitXMLReporter -->
<testsuite ignored="1" hostname="DESKTOP-TR185PD" failures="0" tests="1" name="Default test" time="24.925" errors="0" timestamp="2022-02-01T15:34:15 IST">
  <testcase classname="com.vtiger.comcast.contacttest.CreateContactsTest" name="createContact" time="13.632"/>
  <testcase classname="com.vtiger.comcast.contacttest.CreateContactsTest" name="createContactwithorgTest" time="0.0">
    <ignored/>
  </testcase> <!-- createContactwithorgTest -->
</testsuite> <!-- Default test -->
