<?xml version="1.0" encoding="UTF-8"?>
<!-- Generated by org.testng.reporters.JUnitXMLReporter -->
<testsuite ignored="4" hostname="DESKTOP-TR185PD" failures="0" tests="2" name="Test" time="48.344" errors="0" timestamp="2022-02-01T15:21:13 IST">
  <testcase classname="com.vtiger.comcast.organizationtest.CreateOrganizationTest" name="createOrgTest" time="13.457"/>
  <testcase classname="com.vtiger.comcast.contacttest.CreateContactsTest" name="createContact" time="12.92"/>
  <testcase classname="com.crm.GenericLibaray.BaseAnnotationClass" name="@BeforeSuite ConfigBS" time="0.0">
    <ignored/>
  </testcase> <!-- @BeforeSuite ConfigBS -->
  <testcase classname="com.crm.GenericLibaray.BaseAnnotationClass" name="@AfterSuite ConfigAS" time="0.0">
    <ignored/>
  </testcase> <!-- @AfterSuite ConfigAS -->
  <testcase classname="com.vtiger.comcast.organizationtest.CreateOrganizationTest" name="createOrgWithIndutriesTest" time="0.0">
    <ignored/>
  </testcase> <!-- createOrgWithIndutriesTest -->
  <testcase classname="com.vtiger.comcast.contacttest.CreateContactsTest" name="createContactwithorgTest" time="0.0">
    <ignored/>
  </testcase> <!-- createContactwithorgTest -->
</testsuite> <!-- Test -->
